<?xml version="1.0" encoding="UTF-8"?>
<!-- Generated by org.testng.reporters.JUnitXMLReporter -->
<testsuite ignored="0" hostname="MALAPATPF13FYMX" failures="0" tests="5" name="POMTEST" time="159.445" errors="0" timestamp="07 Jul 2020 18:49:05 GMT">
  <testcase classname="com.crm.qa.tests.LoginPageTest" name="LoginTest" time="0.329"/>
  <testcase classname="com.crm.qa.tests.HomePageTests" name="GotoContactspage" time="1.372"/>
  <testcase classname="com.crm.qa.tests.HomePageTests" name="verifyAccountType" time="1.135"/>
  <testcase classname="com.crm.qa.tests.HomePageTests" name="verifyHomePageTitle" time="1.126"/>
  <testcase classname="com.crm.qa.tests.ContactPageTests" name="verifyContacLabel" time="0.039"/>
</testsuite> <!-- POMTEST -->
